<?xml version="1.0" encoding="UTF-8"?>
<!-- Generated by org.testng.reporters.JUnitReportReporter -->
<testsuite hostname="Kameswarans-MacBook-Pro.local" failures="0" tests="1" name="facebookLogin.FacebookLogin" time="13.757" errors="0" timestamp="14 Jan 2021 13:56:33 GMT" skipped="0">
  <testcase classname="facebookLogin.FacebookLogin" name="loginPage" time="13.757"/>
</testsuite> <!-- facebookLogin.FacebookLogin -->
