<?xml version="1.0" encoding="UTF-8"?>
<!-- Generated by org.testng.reporters.JUnitReportReporter -->
<testsuite hostname="Kameswarans-MacBook-Pro.local" failures="0" tests="1" name="facebookLogin.FacebookLogin" time="11.617" errors="0" timestamp="14 Jan 2021 11:21:27 GMT" skipped="0">
  <testcase classname="facebookLogin.FacebookLogin" name="login" time="11.617"/>
</testsuite> <!-- facebookLogin.FacebookLogin -->
